running egg_info
creating ../../build/robot_controller_ra3444/robot_controller_ra3444.egg-info
writing ../../build/robot_controller_ra3444/robot_controller_ra3444.egg-info/PKG-INFO
writing dependency_links to ../../build/robot_controller_ra3444/robot_controller_ra3444.egg-info/dependency_links.txt
writing entry points to ../../build/robot_controller_ra3444/robot_controller_ra3444.egg-info/entry_points.txt
writing requirements to ../../build/robot_controller_ra3444/robot_controller_ra3444.egg-info/requires.txt
writing top-level names to ../../build/robot_controller_ra3444/robot_controller_ra3444.egg-info/top_level.txt
writing manifest file '../../build/robot_controller_ra3444/robot_controller_ra3444.egg-info/SOURCES.txt'
reading manifest file '../../build/robot_controller_ra3444/robot_controller_ra3444.egg-info/SOURCES.txt'
writing manifest file '../../build/robot_controller_ra3444/robot_controller_ra3444.egg-info/SOURCES.txt'
running build
running build_py
creating /home/administrator/dhina/DhinaKunal/batch2/ros2_ws/build/robot_controller_ra3444/build
creating /home/administrator/dhina/DhinaKunal/batch2/ros2_ws/build/robot_controller_ra3444/build/lib
creating /home/administrator/dhina/DhinaKunal/batch2/ros2_ws/build/robot_controller_ra3444/build/lib/robot_controller_ra3444
copying robot_controller_ra3444/__init__.py -> /home/administrator/dhina/DhinaKunal/batch2/ros2_ws/build/robot_controller_ra3444/build/lib/robot_controller_ra3444
running install
running install_lib
creating /home/administrator/dhina/DhinaKunal/batch2/ros2_ws/install/robot_controller_ra3444/lib/python3.10/site-packages/robot_controller_ra3444
copying /home/administrator/dhina/DhinaKunal/batch2/ros2_ws/build/robot_controller_ra3444/build/lib/robot_controller_ra3444/__init__.py -> /home/administrator/dhina/DhinaKunal/batch2/ros2_ws/install/robot_controller_ra3444/lib/python3.10/site-packages/robot_controller_ra3444
byte-compiling /home/administrator/dhina/DhinaKunal/batch2/ros2_ws/install/robot_controller_ra3444/lib/python3.10/site-packages/robot_controller_ra3444/__init__.py to __init__.cpython-310.pyc
running install_data
creating /home/administrator/dhina/DhinaKunal/batch2/ros2_ws/install/robot_controller_ra3444/share/ament_index
creating /home/administrator/dhina/DhinaKunal/batch2/ros2_ws/install/robot_controller_ra3444/share/ament_index/resource_index
creating /home/administrator/dhina/DhinaKunal/batch2/ros2_ws/install/robot_controller_ra3444/share/ament_index/resource_index/packages
copying resource/robot_controller_ra3444 -> /home/administrator/dhina/DhinaKunal/batch2/ros2_ws/install/robot_controller_ra3444/share/ament_index/resource_index/packages
copying package.xml -> /home/administrator/dhina/DhinaKunal/batch2/ros2_ws/install/robot_controller_ra3444/share/robot_controller_ra3444
running install_egg_info
Copying ../../build/robot_controller_ra3444/robot_controller_ra3444.egg-info to /home/administrator/dhina/DhinaKunal/batch2/ros2_ws/install/robot_controller_ra3444/lib/python3.10/site-packages/robot_controller_ra3444-0.0.0-py3.10.egg-info
running install_scripts
writing list of installed files to '/home/administrator/dhina/DhinaKunal/batch2/ros2_ws/build/robot_controller_ra3444/install.log'
