[0.613s] Invoking command in '/home/administrator/dhina/DhinaKunal/batch2/ros2_ws/src/robot_controller_ra3444': PYTHONPATH=/home/administrator/dhina/DhinaKunal/batch2/ros2_ws/build/robot_controller_ra3444/prefix_override:/usr/lib/python3/dist-packages/colcon_core/task/python/colcon_distutils_commands:/home/administrator/dhina/DhinaKunal/batch2/ros2_ws/install/robot_controller_ra3444/lib/python3.10/site-packages:${PYTHONPATH} /usr/bin/python3 -W ignore:setup.py install is deprecated -W ignore:easy_install command is deprecated setup.py egg_info --egg-base ../../build/robot_controller_ra3444 build --build-base /home/administrator/dhina/DhinaKunal/batch2/ros2_ws/build/robot_controller_ra3444/build install --record /home/administrator/dhina/DhinaKunal/batch2/ros2_ws/build/robot_controller_ra3444/install.log --single-version-externally-managed install_data
[0.839s] running egg_info
[0.840s] creating ../../build/robot_controller_ra3444/robot_controller_ra3444.egg-info
[0.840s] writing ../../build/robot_controller_ra3444/robot_controller_ra3444.egg-info/PKG-INFO
[0.840s] writing dependency_links to ../../build/robot_controller_ra3444/robot_controller_ra3444.egg-info/dependency_links.txt
[0.841s] writing entry points to ../../build/robot_controller_ra3444/robot_controller_ra3444.egg-info/entry_points.txt
[0.841s] writing requirements to ../../build/robot_controller_ra3444/robot_controller_ra3444.egg-info/requires.txt
[0.841s] writing top-level names to ../../build/robot_controller_ra3444/robot_controller_ra3444.egg-info/top_level.txt
[0.841s] writing manifest file '../../build/robot_controller_ra3444/robot_controller_ra3444.egg-info/SOURCES.txt'
[0.843s] reading manifest file '../../build/robot_controller_ra3444/robot_controller_ra3444.egg-info/SOURCES.txt'
[0.844s] writing manifest file '../../build/robot_controller_ra3444/robot_controller_ra3444.egg-info/SOURCES.txt'
[0.844s] running build
[0.844s] running build_py
[0.844s] creating /home/administrator/dhina/DhinaKunal/batch2/ros2_ws/build/robot_controller_ra3444/build
[0.844s] creating /home/administrator/dhina/DhinaKunal/batch2/ros2_ws/build/robot_controller_ra3444/build/lib
[0.844s] creating /home/administrator/dhina/DhinaKunal/batch2/ros2_ws/build/robot_controller_ra3444/build/lib/robot_controller_ra3444
[0.844s] copying robot_controller_ra3444/__init__.py -> /home/administrator/dhina/DhinaKunal/batch2/ros2_ws/build/robot_controller_ra3444/build/lib/robot_controller_ra3444
[0.844s] running install
[0.845s] running install_lib
[0.845s] creating /home/administrator/dhina/DhinaKunal/batch2/ros2_ws/install/robot_controller_ra3444/lib/python3.10/site-packages/robot_controller_ra3444
[0.845s] copying /home/administrator/dhina/DhinaKunal/batch2/ros2_ws/build/robot_controller_ra3444/build/lib/robot_controller_ra3444/__init__.py -> /home/administrator/dhina/DhinaKunal/batch2/ros2_ws/install/robot_controller_ra3444/lib/python3.10/site-packages/robot_controller_ra3444
[0.846s] byte-compiling /home/administrator/dhina/DhinaKunal/batch2/ros2_ws/install/robot_controller_ra3444/lib/python3.10/site-packages/robot_controller_ra3444/__init__.py to __init__.cpython-310.pyc
[0.846s] running install_data
[0.846s] creating /home/administrator/dhina/DhinaKunal/batch2/ros2_ws/install/robot_controller_ra3444/share/ament_index
[0.847s] creating /home/administrator/dhina/DhinaKunal/batch2/ros2_ws/install/robot_controller_ra3444/share/ament_index/resource_index
[0.847s] creating /home/administrator/dhina/DhinaKunal/batch2/ros2_ws/install/robot_controller_ra3444/share/ament_index/resource_index/packages
[0.847s] copying resource/robot_controller_ra3444 -> /home/administrator/dhina/DhinaKunal/batch2/ros2_ws/install/robot_controller_ra3444/share/ament_index/resource_index/packages
[0.847s] copying package.xml -> /home/administrator/dhina/DhinaKunal/batch2/ros2_ws/install/robot_controller_ra3444/share/robot_controller_ra3444
[0.847s] running install_egg_info
[0.848s] Copying ../../build/robot_controller_ra3444/robot_controller_ra3444.egg-info to /home/administrator/dhina/DhinaKunal/batch2/ros2_ws/install/robot_controller_ra3444/lib/python3.10/site-packages/robot_controller_ra3444-0.0.0-py3.10.egg-info
[0.849s] running install_scripts
[0.869s] writing list of installed files to '/home/administrator/dhina/DhinaKunal/batch2/ros2_ws/build/robot_controller_ra3444/install.log'
[0.894s] Invoked command in '/home/administrator/dhina/DhinaKunal/batch2/ros2_ws/src/robot_controller_ra3444' returned '0': PYTHONPATH=/home/administrator/dhina/DhinaKunal/batch2/ros2_ws/build/robot_controller_ra3444/prefix_override:/usr/lib/python3/dist-packages/colcon_core/task/python/colcon_distutils_commands:/home/administrator/dhina/DhinaKunal/batch2/ros2_ws/install/robot_controller_ra3444/lib/python3.10/site-packages:${PYTHONPATH} /usr/bin/python3 -W ignore:setup.py install is deprecated -W ignore:easy_install command is deprecated setup.py egg_info --egg-base ../../build/robot_controller_ra3444 build --build-base /home/administrator/dhina/DhinaKunal/batch2/ros2_ws/build/robot_controller_ra3444/build install --record /home/administrator/dhina/DhinaKunal/batch2/ros2_ws/build/robot_controller_ra3444/install.log --single-version-externally-managed install_data
